<?xml version="1.0" encoding="UTF-8"?>
<testsuite name="com.junit.UserEmailValidationTest" tests="22" skipped="0" failures="0" errors="0" timestamp="2022-04-18T07:05:43" hostname="DESKTOP-E72B5JU" time="0.04">
  <properties/>
  <testcase name="givenEmailSamples_WhenValid_ShouldReturnTrue[0]" classname="com.junit.UserEmailValidationTest" time="0.01"/>
  <testcase name="givenEmailSamples_WhenValid_ShouldReturnTrue[1]" classname="com.junit.UserEmailValidationTest" time="0.001"/>
  <testcase name="givenEmailSamples_WhenValid_ShouldReturnTrue[2]" classname="com.junit.UserEmailValidationTest" time="0.001"/>
  <testcase name="givenEmailSamples_WhenValid_ShouldReturnTrue[3]" classname="com.junit.UserEmailValidationTest" time="0.002"/>
  <testcase name="givenEmailSamples_WhenValid_ShouldReturnTrue[4]" classname="com.junit.UserEmailValidationTest" time="0.001"/>
  <testcase name="givenEmailSamples_WhenValid_ShouldReturnTrue[5]" classname="com.junit.UserEmailValidationTest" time="0.001"/>
  <testcase name="givenEmailSamples_WhenValid_ShouldReturnTrue[6]" classname="com.junit.UserEmailValidationTest" time="0.0"/>
  <testcase name="givenEmailSamples_WhenValid_ShouldReturnTrue[7]" classname="com.junit.UserEmailValidationTest" time="0.0"/>
  <testcase name="givenEmailSamples_WhenValid_ShouldReturnTrue[8]" classname="com.junit.UserEmailValidationTest" time="0.0"/>
  <testcase name="givenEmailSamples_WhenValid_ShouldReturnTrue[9]" classname="com.junit.UserEmailValidationTest" time="0.0"/>
  <testcase name="givenEmailSamples_WhenValid_ShouldReturnTrue[10]" classname="com.junit.UserEmailValidationTest" time="0.001"/>
  <testcase name="givenEmailSamples_WhenValid_ShouldReturnTrue[11]" classname="com.junit.UserEmailValidationTest" time="0.001"/>
  <testcase name="givenEmailSamples_WhenValid_ShouldReturnTrue[12]" classname="com.junit.UserEmailValidationTest" time="0.0"/>
  <testcase name="givenEmailSamples_WhenValid_ShouldReturnTrue[13]" classname="com.junit.UserEmailValidationTest" time="0.002"/>
  <testcase name="givenEmailSamples_WhenValid_ShouldReturnTrue[14]" classname="com.junit.UserEmailValidationTest" time="0.001"/>
  <testcase name="givenEmailSamples_WhenValid_ShouldReturnTrue[15]" classname="com.junit.UserEmailValidationTest" time="0.005"/>
  <testcase name="givenEmailSamples_WhenValid_ShouldReturnTrue[16]" classname="com.junit.UserEmailValidationTest" time="0.001"/>
  <testcase name="givenEmailSamples_WhenValid_ShouldReturnTrue[17]" classname="com.junit.UserEmailValidationTest" time="0.001"/>
  <testcase name="givenEmailSamples_WhenValid_ShouldReturnTrue[18]" classname="com.junit.UserEmailValidationTest" time="0.0"/>
  <testcase name="givenEmailSamples_WhenValid_ShouldReturnTrue[19]" classname="com.junit.UserEmailValidationTest" time="0.0"/>
  <testcase name="givenEmailSamples_WhenValid_ShouldReturnTrue[20]" classname="com.junit.UserEmailValidationTest" time="0.001"/>
  <testcase name="givenEmailSamples_WhenValid_ShouldReturnTrue[21]" classname="com.junit.UserEmailValidationTest" time="0.0"/>
  <system-out><![CDATA[]]></system-out>
  <system-err><![CDATA[]]></system-err>
</testsuite>
