<?xml version="1.0" encoding="UTF-8"?>
<testsuite name="com.junit.UserRegistrationTest" tests="9" skipped="0" failures="0" errors="0" timestamp="2022-04-17T08:31:16" hostname="DESKTOP-E72B5JU" time="0.045">
  <properties/>
  <testcase name="givenPhoneNumberWhenShortShouldReturnFalse()" classname="com.junit.UserRegistrationTest" time="0.025"/>
  <testcase name="givenSomeEmailSamplesShoudlClearThemAll()" classname="com.junit.UserRegistrationTest" time="0.004"/>
  <testcase name="givenFirstNameWhenProperShouldReturnTrue()" classname="com.junit.UserRegistrationTest" time="0.001"/>
  <testcase name="givenPasswordWhenProperShouldReturnTrue()" classname="com.junit.UserRegistrationTest" time="0.002"/>
  <testcase name="givenFirstNameWhenShortShouldReturnFalse()" classname="com.junit.UserRegistrationTest" time="0.001"/>
  <testcase name="givenPasswordWhenShortShouldReturnFalse()" classname="com.junit.UserRegistrationTest" time="0.001"/>
  <testcase name="givenLastNameWhenProperShouldReturnTrue()" classname="com.junit.UserRegistrationTest" time="0.001"/>
  <testcase name="givenPhoneNumberWhenProperShouldReturnTrue()" classname="com.junit.UserRegistrationTest" time="0.001"/>
  <testcase name="givenLastNameWhenShortShouldReturnFalse()" classname="com.junit.UserRegistrationTest" time="0.001"/>
  <system-out><![CDATA[]]></system-out>
  <system-err><![CDATA[]]></system-err>
</testsuite>
