<?xml version="1.0" encoding="UTF-8"?>
<testsuite name="com.junit.UserRegistrationTest" tests="1" skipped="0" failures="0" errors="0" timestamp="2022-04-17T08:25:29" hostname="DESKTOP-E72B5JU" time="0.032">
  <properties/>
  <testcase name="givenSomeEmailSamplesShoudlClearThemAll()" classname="com.junit.UserRegistrationTest" time="0.032"/>
  <system-out><![CDATA[]]></system-out>
  <system-err><![CDATA[]]></system-err>
</testsuite>
